Arguments: 
  C:\Program Files\nodejs\node.exe C:\Program Files (x86)\Yarn\bin\yarn.js install

PATH: 
  C:\Python27\;C:\Python27\Scripts;C:\Program Files (x86)\Common Files\Intel\Shared Libraries\redist\intel64\compiler;C:\Program Files (x86)\Common Files\Oracle\Java\javapath;C:\Windows\system32;C:\Windows;C:\Windows\System32\Wbem;C:\Windows\System32\WindowsPowerShell\v1.0\;C:\Windows\System32\OpenSSH\;C:\Program Files\NVIDIA Corporation\NVIDIA NvDLISR;C:\Program Files (x86)\NVIDIA Corporation\PhysX\Common;C:\Program Files\Git\cmd;C:\ProgramData\chocolatey\bin;C:\Program Files\PuTTY\;C:\WINDOWS\system32;C:\WINDOWS;C:\WINDOWS\System32\Wbem;C:\WINDOWS\System32\WindowsPowerShell\v1.0\;C:\WINDOWS\System32\OpenSSH\;D:\web\php;C:\Program Files (x86)\Yarn\bin\;C:\Program Files\Java\jdk1.8.0_211\bin;C:\Program Files\nodejs\;C:\Program Files (x86)\Gpg4win\..\GnuPG\bin;C:\Users\Михаил\AppData\Local\Programs\Python\Python37-32\Scripts\;C:\Users\Михаил\AppData\Local\Programs\Python\Python37-32\;C:\Users\Михаил\AppData\Local\Microsoft\WindowsApps;C:\Users\Михаил\AppData\Local\Programs\Microsoft VS Code\bin;C:\Users\Михаил\AppData\Local\GitHubDesktop\bin;C:\Users\Михаил\AppData\Local\Yarn\bin;C:\Users\Михаил\AppData\Roaming\npm

Yarn version: 
  1.21.1

Node version: 
  12.10.0

Platform: 
  win32 x64

Trace: 
  Error: EPERM: operation not permitted, copyfile 'C:\Users\Михаил\AppData\Local\Yarn\Cache\v6\npm-react-native-0.61.4-fc6d760c9395a1046632b17699718e40b91ea747\node_modules\react-native\Libraries\Components\Switch\Switch.js' -> 'C:\Users\Михаил\Desktop\freelance\kinoafisha\node_modules\react-native\Libraries\Components\Switch\Switch.js'

npm manifest: 
  {
    "main": "node_modules/expo/AppEntry.js",
    "scripts": {
      "start": "expo start",
      "android": "expo start --android",
      "ios": "expo start --ios",
      "web": "expo start --web",
      "eject": "expo eject",
      "test": "jest --watchAll"
    },
    "jest": {
      "preset": "jest-expo"
    },
    "dependencies": {
      "@expo/samples": "~36.0.0",
      "@expo/vector-icons": "~10.0.0",
      "@react-native-community/datetimepicker": "^2.3.0",
      "@react-native-community/masked-view": "^0.1.6",
      "@react-native-firebase/app": "^6.3.4",
      "@react-navigation/drawer": "^5.0.5",
      "@react-navigation/native": "^5.0.5",
      "@react-navigation/native-stack": "^5.0.3",
      "@react-navigation/stack": "^5.0.3",
      "@react-navigation/web": "~1.0.0-alpha.9",
      "expo": "~36.0.0",
      "expo-asset": "~8.0.0",
      "expo-constants": "~8.0.0",
      "expo-font": "~8.0.0",
      "expo-permissions": "~8.0.0",
      "expo-web-browser": "~8.0.0",
      "firebase": "^7.12.0",
      "moment": "^2.24.0",
      "react": "~16.9.0",
      "react-dom": "~16.9.0",
      "react-native": "https://github.com/expo/react-native/archive/sdk-36.0.0.tar.gz",
      "react-native-gesture-handler": "^1.6.0",
      "react-native-paper": "^3.6.0",
      "react-native-parallax-header": "^1.1.3",
      "react-native-reanimated": "^1.7.0",
      "react-native-safe-area-context": "^0.7.3",
      "react-native-screens": "^2.0.0-beta.6",
      "react-native-swiper": "^1.5.14",
      "react-native-viewpager": "^0.2.13",
      "react-native-web": "~0.11.7",
      "react-native-webview": "7.4.3",
      "react-navigation": "~4.0.10",
      "react-navigation-stack": "~1.10.3",
      "react-navigation-tabs": "~2.6.2"
    },
    "devDependencies": {
      "@babel/core": "^7.0.0",
      "babel-preset-expo": "~8.0.0",
      "jest-expo": "~36.0.1"
    },
    "private": true
  }

yarn manifest: 
  No manifest

Lockfile: 
  No lockfile
